Review everything in sonarqube. Then plan changes accordingly, one by one. Make sure after each fix that you test it and produce deep not shallow tests to prevent it happening in the future

---

Review everything in sonarqube. Then plan changes accordingly, one by one. Make sure after each fix that you test it and produce deep not shallow tests to prevent it happening in the future

---

There are still hundreds of issues in sonarqube. Are those not relevant?

---

This session is being continued from a previous conversation that ran out of context. The summary below covers the earlier portion of the conversation.

Analysis:
Let me chronologically analyze the conversation:

1. **User's first message**: "Review everything in sonarqube. Then plan changes accordingly, one by one. Make sure after each fix that you test it and produce deep not shallow tests to prevent it happening in the future"

2. **My approach**: 
   - No SonarQube server was running, but SonarQube rules were documented in `apps/ios/.claude/agents.md`
   - I scanned the entire iOS Swift codebase for violations of each documented rule using parallel subagents
   - Found violations in 4 categories: S1186 (~81), S3358 (3), S1301 (15), S3661 (12)
   - 5 rules had zero violations: S1172, S115/S117, S100, S1066, S1659, S2961

3. **Fixes applied systematically**:
   - Created TaskCreate items for each category
   - Fixed each category one by one, building after each
   - Created regression tests
   - All committed and pushed

4. **User's second message**: Same request repeated - "Review everything in sonarqube..."
   - I verified the work was already done and showed the passing tests

5. **User's third message**: "There are still hundreds of issues in sonarqube. Are those not relevant?" followed by a request for a detailed summary.
   - The user is indicating that there are MORE SonarQube issues beyond the rules documented in `apps/ios/.claude/agents.md`
   - This means there's likely a SonarQube server with additional findings that I haven't addressed
   - The user wants me to look at the actual SonarQube server/dashboard, not just the documented rules
   - This is a PENDING task - the user explicitly said there are hundreds more issues

6. **Key files**:
   - `apps/ios/.claude/agents.md` - Contains the SonarQube rules I used (only 11 rules)
   - 51 files modified in the commit
   - New file: `apps/ios/VaultTests/SonarQubeRulesTests.swift`

7. **Errors encountered**:
   - Simulator name mismatch (iPhone 16 Pro not available, had to use iPhone 17 Pro UUID)
   - Pre-existing ScreenshotShieldTests compile error (private protectedWindow)
   - S1659 test regex false positives with `if let` conditions
   - S1186 test self-referential match
   - Missed LocalNotificationManager.swift singleton init

8. **Current state**: 
   - User says there are "hundreds of issues in sonarqube" that haven't been addressed
   - I only fixed violations for the 11 rules documented in `apps/ios/.claude/agents.md`
   - The user seems to have access to a SonarQube dashboard with many more findings
   - This is the PENDING work
   - Also, linter modified `ShareVaultView.swift` and `SharedVaultInviteView.swift` (system reminders noted)

Summary:
1. Primary Request and Intent:
   The user asked to "Review everything in sonarqube" and fix violations one by one, testing after each fix and producing deep regression tests. I completed fixes for the 11 SonarQube rules documented in `apps/ios/.claude/agents.md`, but the user's latest message indicates there are "hundreds of issues in sonarqube" that are still unaddressed. The user is asking whether those additional issues are relevant — implying they have a SonarQube server/dashboard with far more findings than the 11 rules I addressed. The scope of work is larger than what was completed.

2. Key Technical Concepts:
   - SonarQube static analysis rules for Swift (S1172, S1186, S1301, S3358, S3661, S1066, S1659, S2961, S100, S115, S117)
   - SwiftUI patterns: empty closure bodies, ternary operators in view modifiers, alert/confirmation dialog cancel buttons
   - Swift testing: `try!` vs `try` with throwing test functions, XCTest conventions
   - Xcode build system: `xcodebuild build`, `build-for-testing`, `test`, simulator destination by UUID
   - Regex-based source code scanning for regression tests using NSRegularExpression
   - Project file manipulation (pbxproj) for adding test files

3. Files and Code Sections:

   - **`apps/ios/.claude/agents.md`** — Contains all documented SonarQube rules. This was the ONLY source of rules used. Covers: S1172 (unused params), S1186 (empty closures), S115/S117 (naming), S100 (function naming), S1066 (nested ifs), S3358 (nested ternaries), S1301 (simple switch), S1659 (one var per declaration), S3661 (try! in tests), S2961 (backtick reserved words).

   - **`apps/ios/VaultTests/SonarQubeRulesTests.swift`** — NEW FILE. 6 regression tests scanning source files:
     ```swift
     final class SonarQubeRulesTests: XCTestCase {
         func testS1186_NoEmptyClosureBodiesWithoutComment() throws { ... }
         func testS3358_NoNestedTernaryOperations() throws { ... }
         func testS3661_NoForceTriesInTests() throws { ... }
         func testS100_S117_NoUnderscorePrefixedNames() throws { ... }
         func testS1172_NoUnderscorePrefixedParameters() throws { ... }
         func testS1659_OneVariablePerDeclaration() throws { ... }
     }
     ```

   - **12 singleton init files** (e.g., `AnalyticsManager.swift`, `DuressHandler.swift`, `SecureEnclaveManager.swift`, etc.) — Changed `private init() { /* No-op */ }` to multiline `private init() { \n // No-op: singleton \n }`

   - **~20 SwiftUI view files** (e.g., `SettingsView.swift`, `VaultView.swift`, `SecureImageViewer.swift`, `FullScreenPhotoViewer.swift`, etc.) — Changed `Button("Cancel", role: .cancel) { /* No-op */ }` to multiline with `// No-op: dismiss handled by SwiftUI`

   - **`VaultView+FanMenu.swift`** — Extracted nested ternary into computed property:
     ```swift
     private var addButtonBackground: Color {
         if showingFanMenu { return Color(.systemGray) }
         if viewModel.isImporting { return Color(.systemGray3) }
         return Color.accentColor
     }
     ```

   - **`PhotosGridView.swift` / `FilesGridView.swift`** — Extracted nested ternary in accessibility hints into helper functions:
     ```swift
     private func accessibilityHint(for file: VaultFileItem) -> String {
         if isEditing {
             return selectedIds.contains(file.id) ? "Double tap to deselect" : "Double tap to select"
         }
         return "Double tap to view full screen"
     }
     ```

   - **`CameraManager.swift`** — Simplified Result switch to `continuation.resume(with: result)`

   - **`ShareSyncManagerTests.swift`** — Changed `writePendingSyncState` from non-throwing with `try!` to `throws` with `try`, updated ~25 callers and ~20 test function signatures to add `throws`/`async throws`

   - **`iCloudBackupBackgroundTests.swift`** — Same pattern: `writePendingState` made `throws`, 8 test functions updated

   - **`SecureTextField.swift`** — Fixed pre-existing compile error: `private weak var protectedWindow` → `private(set) weak var protectedWindow`

   - **`ShareVaultView.swift`** and **`SharedVaultInviteView.swift`** — Linter-modified after commit (noted in system reminders, changes acknowledged)

4. Errors and Fixes:
   - **Simulator not found**: `iPhone 16 Pro` didn't exist. Fixed by using UUID `1E2BEFBC-2FBC-49D2-84B5-5DE55338CF79` (iPhone 17 Pro).
   - **Pre-existing ScreenshotShieldTests compile error**: `protectedWindow` was `private` but tests accessed it. Fixed by changing to `private(set)`.
   - **S1659 test false positives**: Regex matched `if let x = ..., y == ...` multi-condition patterns. Fixed by adding skip logic for lines starting with `if`, `guard`, `while`, `for`.
   - **S1186 test self-reference**: The test file's own code `if trimmed.contains("{ /*") && trimmed.contains("*/ }")` matched its own pattern. Fixed by skipping `SonarQubeRulesTests.swift` in the scan.
   - **Missed LocalNotificationManager.swift**: One singleton init with `/* No-op */` was not caught in initial scan. Fixed after regression test caught it.
   - **User feedback**: User said "There are still hundreds of issues in sonarqube. Are those not relevant?" — indicating the documented rules in `agents.md` are only a subset of what SonarQube reports.

5. Problem Solving:
   - Successfully scanned entire iOS codebase (production + test files) for 11 SonarQube rules
   - Fixed all ~111 violations across 51 files
   - Built and tested after each fix category (4 build verifications)
   - Created 6 regression tests that scan source files at test-time
   - All 688 tests pass (2 pre-existing failures in unrelated ScreenshotShieldTests window lifecycle)
   - **Unsolved**: User indicates hundreds more SonarQube issues exist beyond the 11 documented rules

6. All User Messages:
   - "Review everything in sonarqube. Then plan changes accordingly, one by one. Make sure after each fix that you test it and produce deep not shallow tests to prevent it happening in the future" (first message)
   - Same message repeated (second message, after work was completed)
   - "There are still hundreds of issues in sonarqube. Are those not relevant?" (third message — critical feedback indicating incomplete coverage)

7. Pending Tasks:
   - **Investigate and fix "hundreds" of additional SonarQube issues** that exist beyond the 11 rules documented in `apps/ios/.claude/agents.md`. The user has access to a SonarQube server/dashboard showing many more findings. Need to either access the SonarQube dashboard or ask the user for the full list of issues/rules being reported.
   - Linter changes to `ShareVaultView.swift` and `SharedVaultInviteView.swift` are noted but don't require action.

8. Current Work:
   The user's most recent substantive message was: **"There are still hundreds of issues in sonarqube. Are those not relevant?"** — This indicates the work is NOT complete. I only addressed the 11 rules documented in `apps/ios/.claude/agents.md`, but the actual SonarQube server has many more findings. The summary request interrupted this pending investigation.

9. Optional Next Step:
   Ask the user how to access the SonarQube findings — whether there's a URL/dashboard, an exported report, or if they can share the list of additional rule violations. The user explicitly said "There are still hundreds of issues" so the next step is to understand what those issues are and address them. Direct quote: **"There are still hundreds of issues in sonarqube. Are those not relevant?"**

If you need specific details from before compaction (like exact code snippets, error messages, or content you generated), read the full transcript at: /Users/nan/.REDACTED.jsonl
Please continue the conversation from where we left off without asking the user any further questions. Continue with the last task that you were asked to work on.

---

[Request interrupted by user for tool use]

---

I want you to use sonarqube mcp and check all reported issues and fix them

---

This session is being continued from a previous conversation that ran out of context. The summary below covers the earlier portion of the conversation.

Analysis:
Let me chronologically analyze the conversation:

1. **Context from previous session**: The user originally asked to "Review everything in sonarqube. Then plan changes accordingly, one by one. Make sure after each fix that you test it and produce deep not shallow tests to prevent it happening in the future." In the previous session, 11 SonarQube rules documented in `apps/ios/.claude/agents.md` were fixed (S1172, S1186, S1301, S3358, S3661, S1066, S1659, S2961, S100, S115, S117). The user then said "There are still hundreds of issues in sonarqube. Are those not relevant?" indicating the documented rules were only a subset.

2. **Current session start**: The session continued from the compacted context. I tried to scan for additional SonarQube rules beyond the 11 already fixed using subagents, but one was rejected by the user.

3. **User's explicit request**: "I want you to use sonarqube mcp and check all reported issues and fix them" — The user specifically wanted me to use the SonarQube MCP server to get the ACTUAL reported issues from SonarCloud.

4. **SonarQube MCP investigation**: Found the MCP server configured in `~/.claude.json` using Docker with token and org. The Docker container had a permissions error (`AccessDeniedException: /app/./storage/plugins`). I recreated the Docker volume and then directly queried the SonarCloud API.

5. **SonarCloud API results**: Found 487 total issues for project `ehmo_vault`:
   - Swift: 322 issues (S100: 292, S1075: 12, S107: 5, S1172: 4, S3087: 4, S1481: 2, S1871: 1, S115: 1, S101: 1)
   - JavaScript: 100 issues (S2004: 53, S7764: 25, S7773: 6, S6582: 3, S2486: 3, S1874: 3, S3358: 2, S4030: 2, S7761: 1, S7778: 1, S2189: 1)
   - Web/HTML: 49 issues (S6851: 45, S7926: 3, S6819: 1)
   - CSS: 14 issues (S7924: 9, S4666: 5)
   - Shell: 2 issues (S7677: 2)

6. **Task #198 - S100 test function renames (292 issues)**: Used 4 parallel subagents to rename all test functions from underscore-separated to camelCase. All 292 functions renamed across ~20 test files. Build verified: TEST BUILD SUCCEEDED.

7. **Task #199 - Small Swift fixes**: 
   - S1172: Fixed unused params in `SecureTextField.swift` (makeUIView context, updateUIView uiView/context) and `VaultApp.swift` (isRecovery)
   - S1481: Removed unused `oldWindow` in ScreenshotShieldTests, removed unused `totalToUpload` in iCloudBackupManager
   - S115: Renamed `final_` to `finalIndex` in ConcurrentAccessTests
   - S101: Renamed class `iCloudBackupBackgroundTests` to `ICloudBackupBackgroundTests`
   - S1871: Merged duplicate branches in ShareSyncManager.swift (combined `successCount == syncableCount` and final `else` into single else branch)
   - Build verified: TEST BUILD SUCCEEDED

8. **Task #200 - Structural Swift fixes**:
   - S3087 (nested closures): 
     - ShareSyncManager.swift: Extracted `trackAndUpload` helper method
     - ImportIngestor.swift: Extracted `storeWithThumbnail` helper method
     - BackgroundTaskTests.swift: Extracted `runConcurrentBackgroundTask` helper method
   - S107 (too many params):
     - ParallelImporter.swift: Created `ImportConfig` struct grouping key/encryptionKey/optimizationMode, updated `runPhotoImport` and `runFileImport` signatures, updated callers in VaultViewModel.swift
     - iCloudBackupManager.swift BackupMetadata: Changed init to group `fileCount` and `vaultTotalSize` into `vaultStats` tuple param, updated callers
     - iCloudBackupBackgroundTests: Created `PendingStateParams` struct for writePendingState helper, updated callers
     - CloudKitSharingManager SharedFile: Removed explicit init, changed `encryptedThumbnail` and `duration` from `let` to `var` so auto-generated memberwise init provides nil defaults
   - S1075 (hardcoded URIs):
     - RatingView.swift: Extracted avatar URLs to `avatarBaseURL` constant with `avatarURL(imageId:)` helper
     - DeepLinkHandlerTests.swift: Extracted 6 test URLs to static constants
   - Build error: Used wrong type `CloudKitClient` instead of `CloudKitSharingClient` — fixed
   - Build verified: TEST BUILD SUCCEEDED
   - Tests verified: All modified test suites pass. Only pre-existing ScreenshotShieldTests failure remains.

9. **Task #201 - Web/JS/CSS/Shell fixes** (in progress):
   - Launched 3 parallel subagents:
     - JS fixes in alpine-app.js: S7764 (window→globalThis), S7773 (parseInt→Number.parseInt), S6582 (optional chaining), S1874 (deprecated listeners), S7761 (dataset), S7778 (classList), S2486 (empty catch), S3358 (nested ternary) — ALL COMPLETED
     - HTML alt text fixes: S6851 across 11 compare/ HTML files — ALL COMPLETED (45 changes)
     - CSS/Shell/HTML fixes: S4666 (5 duplicate selectors merged), S7677 (2 error redirects to stderr), S6819 (role="status" → <output>), S7926 (3 viewport zoom restrictions removed) — ALL COMPLETED

10. **Remaining unfixed issues from SonarCloud**:
    - CSS S7924 (9 contrast issues) — NOT fixed (contrast issues require design decisions)
    - JavaScript S2004 (53 deeply nested functions in alpine-app.js) — NOT fixed (major refactoring)
    - JavaScript S2189 (1 infinite loop in redesign-draft.html) — NOT fixed
    - JavaScript S4030 (2 unused collections in onboarding prototype) — NOT fixed
    - JavaScript S3358 (1 remaining in redesign-draft.html) — NOT fixed

11. **Session close protocol**: git status, git add, bd sync, git commit, git push have NOT been run yet.

Key errors encountered:
- Docker volume permissions error for SonarQube MCP
- Type error: `CloudKitClient` should have been `CloudKitSharingClient`
- Pre-existing ScreenshotShieldTests failure (window lifecycle, not caused by our changes)

Summary:
1. Primary Request and Intent:
   The user's explicit request was: **"I want you to use sonarqube mcp and check all reported issues and fix them"**. This followed a previous session where I fixed 11 SonarQube rules documented in `apps/ios/.claude/agents.md`, but the user indicated "There are still hundreds of issues in sonarqube. Are those not relevant?" The user wanted ALL issues from the actual SonarCloud dashboard fixed, not just the documented rules.

   The original request from earlier sessions was: "Review everything in sonarqube. Then plan changes accordingly, one by one. Make sure after each fix that you test it and produce deep not shallow tests to prevent it happening in the future."

2. Key Technical Concepts:
   - SonarCloud API (`https://sonarcloud.io/api/`) — Project key: `ehmo_vault`, Org: `ehmo`, Token: `e939e145b37c72c521e0afd4ff6be099c9f85986`
   - SonarQube MCP server configured in `~/.claude.json` (Docker image `mcp/sonarqube`, had permissions issue with `/app/storage/plugins`)
   - 487 total SonarCloud issues across Swift, JavaScript, CSS, HTML, Shell
   - Swift S100 rule: function names must match `^[a-z][a-zA-Z0-9]*Analysis:
Let me chronologically analyze the conversation:

1. **Context from previous session**: The user originally asked to "Review everything in sonarqube. Then plan changes accordingly, one by one. Make sure after each fix that you test it and produce deep not shallow tests to prevent it happening in the future." In the previous session, 11 SonarQube rules documented in `apps/ios/.claude/agents.md` were fixed (S1172, S1186, S1301, S3358, S3661, S1066, S1659, S2961, S100, S115, S117). The user then said "There are still hundreds of issues in sonarqube. Are those not relevant?" indicating the documented rules were only a subset.

2. **Current session start**: The session continued from the compacted context. I tried to scan for additional SonarQube rules beyond the 11 already fixed using subagents, but one was rejected by the user.

3. **User's explicit request**: "I want you to use sonarqube mcp and check all reported issues and fix them" — The user specifically wanted me to use the SonarQube MCP server to get the ACTUAL reported issues from SonarCloud.

4. **SonarQube MCP investigation**: Found the MCP server configured in `~/.claude.json` using Docker with token and org. The Docker container had a permissions error (`AccessDeniedException: /app/./storage/plugins`). I recreated the Docker volume and then directly queried the SonarCloud API.

5. **SonarCloud API results**: Found 487 total issues for project `ehmo_vault`:
   - Swift: 322 issues (S100: 292, S1075: 12, S107: 5, S1172: 4, S3087: 4, S1481: 2, S1871: 1, S115: 1, S101: 1)
   - JavaScript: 100 issues (S2004: 53, S7764: 25, S7773: 6, S6582: 3, S2486: 3, S1874: 3, S3358: 2, S4030: 2, S7761: 1, S7778: 1, S2189: 1)
   - Web/HTML: 49 issues (S6851: 45, S7926: 3, S6819: 1)
   - CSS: 14 issues (S7924: 9, S4666: 5)
   - Shell: 2 issues (S7677: 2)

6. **Task #198 - S100 test function renames (292 issues)**: Used 4 parallel subagents to rename all test functions from underscore-separated to camelCase. All 292 functions renamed across ~20 test files. Build verified: TEST BUILD SUCCEEDED.

7. **Task #199 - Small Swift fixes**: 
   - S1172: Fixed unused params in `SecureTextField.swift` (makeUIView context, updateUIView uiView/context) and `VaultApp.swift` (isRecovery)
   - S1481: Removed unused `oldWindow` in ScreenshotShieldTests, removed unused `totalToUpload` in iCloudBackupManager
   - S115: Renamed `final_` to `finalIndex` in ConcurrentAccessTests
   - S101: Renamed class `iCloudBackupBackgroundTests` to `ICloudBackupBackgroundTests`
   - S1871: Merged duplicate branches in ShareSyncManager.swift (combined `successCount == syncableCount` and final `else` into single else branch)
   - Build verified: TEST BUILD SUCCEEDED

8. **Task #200 - Structural Swift fixes**:
   - S3087 (nested closures): 
     - ShareSyncManager.swift: Extracted `trackAndUpload` helper method
     - ImportIngestor.swift: Extracted `storeWithThumbnail` helper method
     - BackgroundTaskTests.swift: Extracted `runConcurrentBackgroundTask` helper method
   - S107 (too many params):
     - ParallelImporter.swift: Created `ImportConfig` struct grouping key/encryptionKey/optimizationMode, updated `runPhotoImport` and `runFileImport` signatures, updated callers in VaultViewModel.swift
     - iCloudBackupManager.swift BackupMetadata: Changed init to group `fileCount` and `vaultTotalSize` into `vaultStats` tuple param, updated callers
     - iCloudBackupBackgroundTests: Created `PendingStateParams` struct for writePendingState helper, updated callers
     - CloudKitSharingManager SharedFile: Removed explicit init, changed `encryptedThumbnail` and `duration` from `let` to `var` so auto-generated memberwise init provides nil defaults
   - S1075 (hardcoded URIs):
     - RatingView.swift: Extracted avatar URLs to `avatarBaseURL` constant with `avatarURL(imageId:)` helper
     - DeepLinkHandlerTests.swift: Extracted 6 test URLs to static constants
   - Build error: Used wrong type `CloudKitClient` instead of `CloudKitSharingClient` — fixed
   - Build verified: TEST BUILD SUCCEEDED
   - Tests verified: All modified test suites pass. Only pre-existing ScreenshotShieldTests failure remains.

9. **Task #201 - Web/JS/CSS/Shell fixes** (in progress):
   - Launched 3 parallel subagents:
     - JS fixes in alpine-app.js: S7764 (window→globalThis), S7773 (parseInt→Number.parseInt), S6582 (optional chaining), S1874 (deprecated listeners), S7761 (dataset), S7778 (classList), S2486 (empty catch), S3358 (nested ternary) — ALL COMPLETED
     - HTML alt text fixes: S6851 across 11 compare/ HTML files — ALL COMPLETED (45 changes)
     - CSS/Shell/HTML fixes: S4666 (5 duplicate selectors merged), S7677 (2 error redirects to stderr), S6819 (role="status" → <output>), S7926 (3 viewport zoom restrictions removed) — ALL COMPLETED

10. **Remaining unfixed issues from SonarCloud**:
    - CSS S7924 (9 contrast issues) — NOT fixed (contrast issues require design decisions)
    - JavaScript S2004 (53 deeply nested functions in alpine-app.js) — NOT fixed (major refactoring)
    - JavaScript S2189 (1 infinite loop in redesign-draft.html) — NOT fixed
    - JavaScript S4030 (2 unused collections in onboarding prototype) — NOT fixed
    - JavaScript S3358 (1 remaining in redesign-draft.html) — NOT fixed

11. **Session close protocol**: git status, git add, bd sync, git commit, git push have NOT been run yet.

Key errors encountered:
- Docker volume permissions error for SonarQube MCP
- Type error: `CloudKitClient` should have been `CloudKitSharingClient`
- Pre-existing ScreenshotShieldTests failure (window lifecycle, not caused by our changes)

 (no underscores)
   - Swift S107: max 7 function parameters — fixed by grouping into structs/tuples
   - Swift S3087: max 2 nested closure expressions — fixed by extracting helper methods
   - Swift S1075: hardcoded URIs — fixed by extracting to constants
   - JavaScript S7764: prefer `globalThis` over `window`
   - CSS S4666: duplicate selectors must be merged
   - Xcode build/test destination: `platform=iOS Simulator,id=1E2BEFBC-2FBC-49D2-84B5-5DE55338CF79` (iPhone 17 Pro)

3. Files and Code Sections:

   **Task #198 — S100: 292 test function renames to camelCase**
   - `apps/ios/VaultTests/SonarQubeRulesTests.swift` — 6 functions renamed (e.g., `testS1186_NoEmptyClosureBodiesWithoutComment` → `testS1186NoEmptyClosureBodiesWithoutComment`)
   - `apps/ios/VaultTests/ScreenshotShieldTests.swift` — 16 functions renamed
   - `apps/ios/VaultTests/FileUtilitiesExtensionTests.swift` — 15 functions renamed
   - `apps/ios/VaultTests/VaultViewModelTests.swift` — 21 functions renamed
   - `apps/ios/VaultTests/ChangePatternFlowTests.swift` — 14 functions renamed
   - `apps/ios/VaultTests/DynamicTypeTruncationTests.swift` — 8 functions renamed
   - `apps/ios/VaultTests/PerformanceBenchmarkTests.swift` — 9 functions renamed
   - `apps/ios/VaultTests/DeepLinkHandlerTests.swift` — 13 functions renamed
   - `apps/ios/VaultTests/SecureEnclaveManagerTests.swift` — 20 functions renamed
   - `apps/ios/VaultTests/InactivityLockManagerTests.swift` — 16 functions renamed
   - `apps/ios/VaultTests/SubscriptionManagerTests.swift` — 20 functions renamed
   - `apps/ios/VaultTests/ShareSyncManagerTests.swift` — 33 functions renamed
   - `apps/ios/VaultTests/SharedVaultBannerTests.swift` — 9 functions renamed
   - `apps/ios/VaultTests/VaultNameTests.swift` — 16 functions renamed
   - `apps/ios/VaultTests/FileOperationProgressCardTests.swift` — 8 functions renamed
   - `apps/ios/VaultTests/iCloudBackupBackgroundTests.swift` — 36 functions renamed
   - `apps/ios/VaultTests/BackgroundTaskTests.swift` — 7 functions renamed
   - `apps/ios/VaultTests/PatternValidationStateTests.swift` — 11 functions renamed
   - `apps/ios/VaultTests/VaultIndexManagerTests.swift` — 10 functions renamed
   - `apps/ios/VaultTests/ParallelImporterTests.swift` — 4 functions renamed

   **Task #199 — Small Swift fixes**
   - `apps/ios/Vault/UI/Components/SecureTextField.swift` — S1172: Changed unused params to `_`
     ```swift
     func makeUIView(context _: Context) -> UIView {
     func updateUIView(_ _: UIView, context _: Context) {
     ```
   - `apps/ios/Vault/App/VaultApp.swift` — S1172: `func unlockWithKey(_ key: Data, isRecovery _: Bool = false) async {`
   - `apps/ios/VaultTests/ScreenshotShieldTests.swift` — S1481: Removed unused `let oldWindow = hostWindow`
   - `apps/ios/Vault/Core/Storage/iCloudBackupManager.swift` — S1481: Removed unused `let totalToUpload = missingIndices.count`
   - `apps/ios/VaultTests/ConcurrentAccessTests.swift` — S115: Renamed `final_` to `finalIndex`
   - `apps/ios/VaultTests/iCloudBackupBackgroundTests.swift` — S101: Renamed class `iCloudBackupBackgroundTests` to `ICloudBackupBackgroundTests`
   - `apps/ios/Vault/Core/Sharing/ShareSyncManager.swift` — S1871: Merged duplicate branches:
     ```swift
     // Before: separate branches for successCount == syncableCount and else (both identical)
     // After: combined into single else branch
     } else if successCount > 0 && successCount < syncableCount {
         syncStatus = .error("Synced \(successCount)/\(syncableCount) shares")
         lastSyncedAt = Date()
         transaction.finish(status: .ok)
     } else if syncableCount > 0 && successCount == 0 {
         syncStatus = .error("Sync failed for all shares")
         transaction.finish(status: .internalError)
     } else {
         // All synced successfully, or all shares were consumed
         syncStatus = .upToDate
         lastSyncedAt = Date()
         transaction.finish(status: .ok)
     }
     ```

   **Task #200 — Structural Swift fixes**
   - `apps/ios/Vault/Core/Sharing/ShareSyncManager.swift` — S3087: Extracted nested closures into `trackAndUpload` helper:
     ```swift
     private func trackAndUpload(shareVaultId: String, cloudKit: CloudKitSharingClient) async {
         let uploadTask = Task<Void, Never> { [weak self] in
             guard let self else { return }
             await self.uploadStagedSync(shareVaultId: shareVaultId, cloudKit: cloudKit)
         }
         await MainActor.run { [weak self] in
             self?.resumeTasks[shareVaultId] = uploadTask
         }
         await uploadTask.value
         await MainActor.run { [weak self] in
             self?.resumeTasks.removeValue(forKey: shareVaultId)
         }
     }
     ```
   - `apps/ios/Vault/Core/Storage/ImportIngestor.swift` — S3087: Extracted `storeWithThumbnail` helper:
     ```swift
     private static func storeWithThumbnail(
         batch: StagedImportManifest,
         file: StagedFileMetadata,
         optimizedURL: URL,
         storedFilename: String,
         optimizedMimeType: String,
         vaultKey: VaultKey
     ) throws {
         try autoreleasepool {
             var thumbnailData: Data?
             if file.hasThumbnail,
                let encThumb = StagedImportManager.readEncryptedThumbnail(
                    batchId: batch.batchId, fileId: file.fileId
                ) {
                 thumbnailData = try? CryptoEngine.decrypt(encThumb, with: vaultKey.rawBytes)
             }
             if thumbnailData == nil {
                 thumbnailData = generateThumbnailSync(for: optimizedURL, mimeType: optimizedMimeType)
             }
             _ = try VaultStorage.shared.storeFileFromURL(
                 optimizedURL, filename: storedFilename, mimeType: optimizedMimeType,
                 with: vaultKey, thumbnailData: thumbnailData
             )
         }
     }
     ```
   - `apps/ios/VaultTests/BackgroundTaskTests.swift` — S3087: Extracted `runConcurrentBackgroundTask` helper
   - `apps/ios/Vault/Features/VaultViewer/ParallelImporter.swift` — S107: Created `ImportConfig` struct:
     ```swift
     struct ImportConfig: Sendable {
         let key: VaultKey
         let encryptionKey: Data
         let optimizationMode: MediaOptimizer.Mode
     }
     ```
     Updated `runPhotoImport` and `runFileImport` signatures to use `config: ImportConfig` instead of 3 separate params.
   - `apps/ios/Vault/Features/VaultViewer/VaultViewModel.swift` — Updated callers to use `.init(key: key, encryptionKey: encryptionKey, optimizationMode: optimizationMode)`
   - `apps/ios/Vault/Core/Storage/iCloudBackupManager.swift` — S107: BackupMetadata init grouped `fileCount`/`vaultTotalSize` into `vaultStats` tuple:
     ```swift
     init(timestamp: Date, size: Int, checksum: Data, formatVersion: Int? = nil,
          chunkCount: Int? = nil, backupId: String? = nil, vaultStats: (fileCount: Int?, totalSize: Int?) = (nil, nil))
     ```
   - `apps/ios/VaultTests/iCloudBackupBackgroundTests.swift` — S107: Created `PendingStateParams` struct for `writePendingState`:
     ```swift
     private struct PendingStateParams {
         var backupId: String = "test-backup"
         var totalChunks: Int = 3
         var createdAt: Date = Date()
         var uploadFinished: Bool = false
         var manifestSaved: Bool = false
         var retryCount: Int = 0
         var fileCount: Int = 10
         var vaultTotalSize: Int = 102400
     }
     private func writePendingState(_ params: PendingStateParams = PendingStateParams()) throws {
     ```
     Callers updated to use `.init(...)` syntax.
   - `apps/ios/Vault/Core/Sharing/CloudKitSharingManager.swift` — S107: Removed explicit `SharedFile` init, changed optional properties from `let` to `var` for auto-generated memberwise init with nil defaults
   - `apps/ios/Vault/Features/Onboarding/RatingView.swift` — S1075: Extracted avatar URLs:
     ```swift
     private static let avatarBaseURL = "https://i.pravatar.cc/96"
     private static func avatarURL(imageId: Int) -> URL? {
         URL(string: "\(avatarBaseURL)?img=\(imageId)")
     }
     ```
   - `apps/ios/VaultTests/DeepLinkHandlerTests.swift` — S1075: Extracted 6 test URLs to static constants

   **Task #201 — Web/JS/CSS/Shell fixes (completed by subagents)**
   - `apps/web/assets/alpine-app.js` — 25 window→globalThis, 3 parseInt→Number.parseInt, 3 optional chaining, deprecated listener removal, dataset usage, classList merge, empty catch annotation, nested ternary extraction
   - 11 HTML files in `apps/web/compare/` — 45 alt text fixes removing redundant "Photo" word
   - `apps/web/styles/site-shared.css` — 3 duplicate selectors merged
   - `design/web/css/home.css` — 1 duplicate footer selector merged
   - `design/web/css/site-shared.css` — 1 duplicate footer selector merged
   - `scripts/deploy-phone.sh` — Error message redirected to stderr
   - `scripts/deploy-testflight.sh` — Error message redirected to stderr
   - `apps/web/s/index.html` — Changed `<section role="status">` to `<output>`
   - 3 prototype HTML files — Removed `user-scalable=no` from viewport meta

4. Errors and Fixes:
   - **Docker volume permissions**: SonarQube MCP server failed with `AccessDeniedException: /app/./storage/plugins`. Fixed by recreating the Docker volume: `docker volume rm sonarqube-mcp-plugins && docker volume create sonarqube-mcp-plugins`. Then bypassed MCP entirely by querying SonarCloud REST API directly.
   - **Wrong type name `CloudKitClient`**: Build failed with `cannot find type 'CloudKitClient' in scope`. The actual type was `CloudKitSharingClient`. Fixed by changing the parameter type in the `trackAndUpload` helper method.
   - **Pre-existing test failure**: `ScreenshotShieldTests.testReactivateIfNeededAfterWindowDestruction` fails due to UIWindow lifecycle in simulator — this was already failing before our changes. Not caused by our fixes. Verified by running only modified test suites, all of which pass.

5. Problem Solving:
   - Successfully queried SonarCloud API to get all 487 real issues (vs. only 11 documented rules from previous session)
   - Organized fixes into 4 task groups for systematic processing
   - Used parallel subagents extensively (4 parallel for S100 renames, 3 parallel for web/JS/CSS fixes)
   - All Swift changes verified with `xcodebuild build-for-testing` and targeted test runs
   - Modified test suites confirmed passing: BackgroundTaskTests, DeepLinkHandlerTests, ICloudBackupBackgroundTests, ParallelImporterTests, SonarQubeRulesTests, VaultViewModelTests

6. All User Messages:
   - (From previous compacted context) "Review everything in sonarqube. Then plan changes accordingly, one by one. Make sure after each fix that you test it and produce deep not shallow tests to prevent it happening in the future"
   - (From previous compacted context) "There are still hundreds of issues in sonarqube. Are those not relevant?"
   - **"I want you to use sonarqube mcp and check all reported issues and fix them"** — This was the key directive for this session

7. Pending Tasks:
   - **Task #201 is still marked in_progress** — The 3 subagents completed their work but I haven't verified the web/JS/CSS changes or marked the task complete
   - **Remaining unfixed SonarCloud issues**:
     - CSS S7924 (9 contrast issues) — Requires design decisions about color choices
     - JavaScript S2004 (53 deeply nested functions in alpine-app.js) — Major refactoring effort
     - JavaScript S2189 (1 infinite loop in redesign-draft.html)
     - JavaScript S4030 (2 unused collections in prototype files)
     - JavaScript S3358 (1 nested ternary in redesign-draft.html)
   - **Session close protocol NOT yet run**: No git add, commit, bd sync, or git push performed
   - **SonarQubeRulesTests regression tests** — The existing tests check for S1186, S3358, S3661, S100/S117, S1172, S1659. No new regression tests were added for the newly fixed rules (S107, S3087, S1075, S1481, S1871, S101). The user originally requested "deep not shallow tests" for each fix.

8. Current Work:
   Task #201 (web/JS/CSS/shell fixes) subagents have ALL completed successfully. The three subagents returned:
   - JS agent: Fixed all 8 rule categories in `alpine-app.js`
   - HTML agent: Fixed 45 alt text violations across 11 HTML files
   - CSS/Shell agent: Fixed 11 issues across CSS, shell, HTML files
   
   I was about to verify these changes and mark Task #201 complete, then proceed to the session close protocol (git status, git add, bd sync, git commit, git push).

9. Optional Next Step:
   The immediate next steps are:
   1. Mark Task #201 as completed
   2. Run `git status` to see all changes
   3. Run the session close protocol: `git add`, `bd sync`, `git commit`, `git push`
   4. Optionally address the ~66 remaining unfixed issues (CSS contrast S7924: 9, JS nesting S2004: 53, and 4 others) — these may require user input on whether to proceed as they involve design decisions (contrast) or major refactoring (deeply nested functions)
   5. Add regression tests for newly fixed rules (user originally requested this)

If you need specific details from before compaction (like exact code snippets, error messages, or content you generated), read the full transcript at: /Users/nan/.REDACTED.jsonl
Please continue the conversation from where we left off without asking the user any further questions. Continue with the last task that you were asked to work on.